[debug] [2025-05-08T01:51:21.735Z] ----------------------------------------------------------------------
[debug] [2025-05-08T01:51:21.739Z] Command:       C:\Program Files\nodejs\node.exe C:\Users\fer__\AppData\Roaming\npm\node_modules\firebase-tools\lib\bin\firebase.js init
[debug] [2025-05-08T01:51:21.739Z] CLI Version:   13.34.0
[debug] [2025-05-08T01:51:21.739Z] Platform:      win32
[debug] [2025-05-08T01:51:21.739Z] Node Version:  v22.14.0
[debug] [2025-05-08T01:51:21.740Z] Time:          Wed May 07 2025 20:51:21 GMT-0500 (hora estándar de Colombia)
[debug] [2025-05-08T01:51:21.740Z] ----------------------------------------------------------------------
[debug] 
[debug] [2025-05-08T01:51:21.968Z] > command requires scopes: ["email","openid","https://www.googleapis.com/auth/cloudplatformprojects.readonly","https://www.googleapis.com/auth/firebase","https://www.googleapis.com/auth/cloud-platform"]
[debug] [2025-05-08T01:51:21.969Z] > authorizing via signed-in user (proyectospencer2024@gmail.com)
[info] 
     ######## #### ########  ######## ########     ###     ######  ########
     ##        ##  ##     ## ##       ##     ##  ##   ##  ##       ##
     ######    ##  ########  ######   ########  #########  ######  ######
     ##        ##  ##    ##  ##       ##     ## ##     ##       ## ##
     ##       #### ##     ## ######## ########  ##     ##  ######  ########

You're about to initialize a Firebase project in this directory:

  C:\Users\fer__\mi-proyecto-nuevo

Before we get started, keep in mind:

  * You are initializing within an existing Firebase project directory

